<?xml version="1.0" encoding="UTF-8"?>
<!-- Generated by org.testng.reporters.JUnitXMLReporter -->
<testsuite hostname="DESKTOP-CHFJSLK" ignored="0" name="Default test" tests="3" failures="0" timestamp="08 יול 2018 09:10:35 GMT" time="6.911" errors="0">
  <testcase name="getInvalidData" time="4.079" classname="Tests.ApiTest"/>
  <testcase name="getValidAndInvalidData" time="1.836" classname="Tests.ApiTest"/>
  <testcase name="getValidData" time="0.941" classname="Tests.ApiTest"/>
</testsuite> <!-- Default test -->
