<?xml version="1.0" encoding="UTF-8"?>
<!-- Generated by org.testng.reporters.JUnitXMLReporter -->
<testsuite hostname="DESKTOP-CHFJSLK" ignored="0" name="Test" tests="5" failures="0" timestamp="08 יול 2018 09:11:34 GMT" time="51.014" errors="0">
  <testcase name="getInvalidData" time="3.238" classname="Tests.ApiTest"/>
  <testcase name="getValidAndInvalidData" time="1.695" classname="Tests.ApiTest"/>
  <testcase name="getValidData" time="1.461" classname="Tests.ApiTest"/>
  <testcase name="AddProducts" time="19.601" classname="Tests.AutoPurchaseTest"/>
  <testcase name="checkout" time="13.005" classname="Tests.AutoPurchaseTest"/>
</testsuite> <!-- Test -->
